This is pdfTeX, Version 3.141592653-2.6-1.40.22 (TeX Live 2021 - Flatpak) (preloaded format=pdflatex 2021.10.11)  6 JAN 2022 16:59
entering extended mode
 restricted \write18 enabled.
 %&-line parsing enabled.
**rapport.tex
(./rapport.tex
LaTeX2e <2020-10-01> patch level 4
L3 programming layer <2021-02-18>
(/app/texlive/texmf-dist/tex/latex/base/article.cls
Document Class: article 2020/04/10 v1.4m Standard LaTeX document class
(/app/texlive/texmf-dist/tex/latex/base/size12.clo
File: size12.clo 2020/04/10 v1.4m Standard LaTeX file (size option)
)
\c@part=\count179
\c@section=\count180
\c@subsection=\count181
\c@subsubsection=\count182
\c@paragraph=\count183
\c@subparagraph=\count184
\c@figure=\count185
\c@table=\count186
\abovecaptionskip=\skip47
\belowcaptionskip=\skip48
\bibindent=\dimen138
)
(/app/texlive/texmf-dist/tex/latex/graphics/graphicx.sty
Package: graphicx 2020/09/09 v1.2b Enhanced LaTeX Graphics (DPC,SPQR)

(/app/texlive/texmf-dist/tex/latex/graphics/keyval.sty
Package: keyval 2014/10/28 v1.15 key=value parser (DPC)
\KV@toks@=\toks15
)
(/app/texlive/texmf-dist/tex/latex/graphics/graphics.sty
Package: graphics 2020/08/30 v1.4c Standard LaTeX Graphics (DPC,SPQR)

(/app/texlive/texmf-dist/tex/latex/graphics/trig.sty
Package: trig 2016/01/03 v1.10 sin cos tan (DPC)
)
(/app/texlive/texmf-dist/tex/latex/graphics-cfg/graphics.cfg
File: graphics.cfg 2016/06/04 v1.11 sample graphics configuration
)
Package graphics Info: Driver file: pdftex.def on input line 105.

(/app/texlive/texmf-dist/tex/latex/graphics-def/pdftex.def
File: pdftex.def 2020/10/05 v1.2a Graphics/color driver for pdftex
))
\Gin@req@height=\dimen139
\Gin@req@width=\dimen140
)
(/app/texlive/texmf-dist/tex/latex/placeins/placeins.sty
Package: placeins 2005/04/18  v 2.2
)
(/app/texlive/texmf-dist/tex/latex/listings/listings.sty
\lst@mode=\count187
\lst@gtempboxa=\box47
\lst@token=\toks16
\lst@length=\count188
\lst@currlwidth=\dimen141
\lst@column=\count189
\lst@pos=\count190
\lst@lostspace=\dimen142
\lst@width=\dimen143
\lst@newlines=\count191
\lst@lineno=\count192
\lst@maxwidth=\dimen144

(/app/texlive/texmf-dist/tex/latex/listings/lstmisc.sty
File: lstmisc.sty 2020/03/24 1.8d (Carsten Heinz)
\c@lstnumber=\count193
\lst@skipnumbers=\count194
\lst@framebox=\box48
)
(/app/texlive/texmf-dist/tex/latex/listings/listings.cfg
File: listings.cfg 2020/03/24 1.8d listings configuration
))
Package: listings 2020/03/24 1.8d (Carsten Heinz)

(/app/texlive/texmf-dist/tex/latex/hyperref/hyperref.sty
Package: hyperref 2021-02-27 v7.00k Hypertext links for LaTeX

(/app/texlive/texmf-dist/tex/generic/ltxcmds/ltxcmds.sty
Package: ltxcmds 2020-05-10 v1.25 LaTeX kernel commands for general use (HO)
)
(/app/texlive/texmf-dist/tex/generic/iftex/iftex.sty
Package: iftex 2020/03/06 v1.0d TeX engine tests
)
(/app/texlive/texmf-dist/tex/generic/pdftexcmds/pdftexcmds.sty
Package: pdftexcmds 2020-06-27 v0.33 Utility functions of pdfTeX for LuaTeX (HO
)

(/app/texlive/texmf-dist/tex/generic/infwarerr/infwarerr.sty
Package: infwarerr 2019/12/03 v1.5 Providing info/warning/error messages (HO)
)
Package pdftexcmds Info: \pdf@primitive is available.
Package pdftexcmds Info: \pdf@ifprimitive is available.
Package pdftexcmds Info: \pdfdraftmode found.
)
(/app/texlive/texmf-dist/tex/generic/kvsetkeys/kvsetkeys.sty
Package: kvsetkeys 2019/12/15 v1.18 Key value parser (HO)
)
(/app/texlive/texmf-dist/tex/generic/kvdefinekeys/kvdefinekeys.sty
Package: kvdefinekeys 2019-12-19 v1.6 Define keys (HO)
)
(/app/texlive/texmf-dist/tex/generic/pdfescape/pdfescape.sty
Package: pdfescape 2019/12/09 v1.15 Implements pdfTeX's escape features (HO)
)
(/app/texlive/texmf-dist/tex/latex/hycolor/hycolor.sty
Package: hycolor 2020-01-27 v1.10 Color options for hyperref/bookmark (HO)
)
(/app/texlive/texmf-dist/tex/latex/letltxmacro/letltxmacro.sty
Package: letltxmacro 2019/12/03 v1.6 Let assignment for LaTeX macros (HO)
)
(/app/texlive/texmf-dist/tex/latex/auxhook/auxhook.sty
Package: auxhook 2019-12-17 v1.6 Hooks for auxiliary files (HO)
)
(/app/texlive/texmf-dist/tex/latex/kvoptions/kvoptions.sty
Package: kvoptions 2020-10-07 v3.14 Key value format for package options (HO)
)
\@linkdim=\dimen145
\Hy@linkcounter=\count195
\Hy@pagecounter=\count196

(/app/texlive/texmf-dist/tex/latex/hyperref/pd1enc.def
File: pd1enc.def 2021-02-27 v7.00k Hyperref: PDFDocEncoding definition (HO)
Now handling font encoding PD1 ...
... no UTF-8 mapping file for font encoding PD1
)
(/app/texlive/texmf-dist/tex/latex/hyperref/hyperref-langpatches.def
File: hyperref-langpatches.def 2021-02-27 v7.00k Hyperref: patches for babel la
nguages
)
(/app/texlive/texmf-dist/tex/generic/intcalc/intcalc.sty
Package: intcalc 2019/12/15 v1.3 Expandable calculations with integers (HO)
)
(/app/texlive/texmf-dist/tex/generic/etexcmds/etexcmds.sty
Package: etexcmds 2019/12/15 v1.7 Avoid name clashes with e-TeX commands (HO)
)
\Hy@SavedSpaceFactor=\count197

(/app/texlive/texmf-dist/tex/latex/hyperref/puenc.def
File: puenc.def 2021-02-27 v7.00k Hyperref: PDF Unicode definition (HO)
Now handling font encoding PU ...
... no UTF-8 mapping file for font encoding PU
)
Package hyperref Info: Hyper figures OFF on input line 4192.
Package hyperref Info: Link nesting OFF on input line 4197.
Package hyperref Info: Hyper index ON on input line 4200.
Package hyperref Info: Plain pages OFF on input line 4207.
Package hyperref Info: Backreferencing OFF on input line 4212.
Package hyperref Info: Implicit mode ON; LaTeX internals redefined.
Package hyperref Info: Bookmarks ON on input line 4445.
\c@Hy@tempcnt=\count198

(/app/texlive/texmf-dist/tex/latex/url/url.sty
\Urlmuskip=\muskip16
Package: url 2013/09/16  ver 3.4  Verb mode for urls, etc.
)
LaTeX Info: Redefining \url on input line 4804.
\XeTeXLinkMargin=\dimen146

(/app/texlive/texmf-dist/tex/generic/bitset/bitset.sty
Package: bitset 2019/12/09 v1.3 Handle bit-vector datatype (HO)

(/app/texlive/texmf-dist/tex/generic/bigintcalc/bigintcalc.sty
Package: bigintcalc 2019/12/15 v1.5 Expandable calculations on big integers (HO
)
))
\Fld@menulength=\count199
\Field@Width=\dimen147
\Fld@charsize=\dimen148
Package hyperref Info: Hyper figures OFF on input line 6075.
Package hyperref Info: Link nesting OFF on input line 6080.
Package hyperref Info: Hyper index ON on input line 6083.
Package hyperref Info: backreferencing OFF on input line 6090.
Package hyperref Info: Link coloring OFF on input line 6095.
Package hyperref Info: Link coloring with OCG OFF on input line 6100.
Package hyperref Info: PDF/A mode OFF on input line 6105.
LaTeX Info: Redefining \ref on input line 6145.
LaTeX Info: Redefining \pageref on input line 6149.

(/app/texlive/texmf-dist/tex/latex/base/atbegshi-ltx.sty
Package: atbegshi-ltx 2020/08/17 v1.0a Emulation of the original atbegshi packa
ge
with kernel methods
)
\Hy@abspage=\count266
\c@Item=\count267
\c@Hfootnote=\count268
)
Package hyperref Info: Driver (autodetected): hpdftex.

(/app/texlive/texmf-dist/tex/latex/hyperref/hpdftex.def
File: hpdftex.def 2021-02-27 v7.00k Hyperref driver for pdfTeX

(/app/texlive/texmf-dist/tex/latex/base/atveryend-ltx.sty
Package: atveryend-ltx 2020/08/19 v1.0a Emulation of the original atvery packag
e
with kernel methods
)
\Fld@listcount=\count269
\c@bookmark@seq@number=\count270

(/app/texlive/texmf-dist/tex/latex/rerunfilecheck/rerunfilecheck.sty
Package: rerunfilecheck 2019/12/05 v1.9 Rerun checks for auxiliary files (HO)

(/app/texlive/texmf-dist/tex/generic/uniquecounter/uniquecounter.sty
Package: uniquecounter 2019/12/15 v1.4 Provide unlimited unique counter (HO)
)
Package uniquecounter Info: New unique counter `rerunfilecheck' on input line 2
86.
)
\Hy@SectionHShift=\skip49
)
Package hyperref Info: Option `colorlinks' set `true' on input line 15.

(/app/texlive/texmf-dist/tex/latex/breakurl/breakurl.sty
Package: breakurl 2013/04/10 v1.40 Breakable hyperref URLs

(/app/texlive/texmf-dist/tex/latex/xkeyval/xkeyval.sty
Package: xkeyval 2020/11/20 v2.8 package option processing (HA)

(/app/texlive/texmf-dist/tex/generic/xkeyval/xkeyval.tex
(/app/texlive/texmf-dist/tex/generic/xkeyval/xkvutils.tex
\XKV@toks=\toks17
\XKV@tempa@toks=\toks18
)
\XKV@depth=\count271
File: xkeyval.tex 2014/12/03 v2.7a key=value parser (HA)
))
(/app/texlive/texmf-dist/tex/generic/iftex/ifpdf.sty
Package: ifpdf 2019/10/25 v3.4 ifpdf legacy package. Use iftex instead.
)

Package breakurl Warning: You are using breakurl while processing via pdflatex.

(breakurl)                \burl will be just a synonym of \url.
(breakurl)                 on input line 48.

)
\@indexfile=\write3
\openout3 = `rapport.idx'.


Writing index file rapport.idx
(/app/texlive/texmf-dist/tex/latex/l3backend/l3backend-pdftex.def
File: l3backend-pdftex.def 2021-03-18 L3 backend support: PDF output (pdfTeX)
\l__color_backend_stack_int=\count272
\l__pdf_internal_box=\box49
)
(./rapport.aux)
\openout1 = `rapport.aux'.

LaTeX Font Info:    Checking defaults for OML/cmm/m/it on input line 21.
LaTeX Font Info:    ... okay on input line 21.
LaTeX Font Info:    Checking defaults for OMS/cmsy/m/n on input line 21.
LaTeX Font Info:    ... okay on input line 21.
LaTeX Font Info:    Checking defaults for OT1/cmr/m/n on input line 21.
LaTeX Font Info:    ... okay on input line 21.
LaTeX Font Info:    Checking defaults for T1/cmr/m/n on input line 21.
LaTeX Font Info:    ... okay on input line 21.
LaTeX Font Info:    Checking defaults for TS1/cmr/m/n on input line 21.
LaTeX Font Info:    ... okay on input line 21.
LaTeX Font Info:    Checking defaults for OMX/cmex/m/n on input line 21.
LaTeX Font Info:    ... okay on input line 21.
LaTeX Font Info:    Checking defaults for U/cmr/m/n on input line 21.
LaTeX Font Info:    ... okay on input line 21.
LaTeX Font Info:    Checking defaults for PD1/pdf/m/n on input line 21.
LaTeX Font Info:    ... okay on input line 21.
LaTeX Font Info:    Checking defaults for PU/pdf/m/n on input line 21.
LaTeX Font Info:    ... okay on input line 21.
 (/app/texlive/texmf-dist/tex/context/base/mkii/supp-pdf.mkii
[Loading MPS to PDF converter (version 2006.09.02).]
\scratchcounter=\count273
\scratchdimen=\dimen149
\scratchbox=\box50
\nofMPsegments=\count274
\nofMParguments=\count275
\everyMPshowfont=\toks19
\MPscratchCnt=\count276
\MPscratchDim=\dimen150
\MPnumerator=\count277
\makeMPintoPDFobject=\count278
\everyMPtoPDFconversion=\toks20
) (/app/texlive/texmf-dist/tex/latex/epstopdf-pkg/epstopdf-base.sty
Package: epstopdf-base 2020-01-24 v2.11 Base part for package epstopdf
Package epstopdf-base Info: Redefining graphics rule for `.eps' on input line 4
85.

(/app/texlive/texmf-dist/tex/latex/latexconfig/epstopdf-sys.cfg
File: epstopdf-sys.cfg 2010/07/13 v1.3 Configuration of (r)epstopdf for TeX Liv
e
))
\c@lstlisting=\count279

(/app/texlive/texmf-dist/tex/latex/graphics/color.sty
Package: color 2020/02/24 v1.2b Standard LaTeX Color (DPC)

(/app/texlive/texmf-dist/tex/latex/graphics-cfg/color.cfg
File: color.cfg 2016/01/02 v1.6 sample color configuration
)
Package color Info: Driver file: pdftex.def on input line 147.
)
Package hyperref Info: Link coloring ON on input line 21.

(/app/texlive/texmf-dist/tex/latex/hyperref/nameref.sty
Package: nameref 2021-04-02 v2.47 Cross-referencing by name of section

(/app/texlive/texmf-dist/tex/latex/refcount/refcount.sty
Package: refcount 2019/12/15 v3.6 Data extraction from label references (HO)
)
(/app/texlive/texmf-dist/tex/generic/gettitlestring/gettitlestring.sty
Package: gettitlestring 2019/12/15 v1.6 Cleanup title references (HO)
)
\c@section@level=\count280
)
LaTeX Info: Redefining \ref on input line 21.
LaTeX Info: Redefining \pageref on input line 21.
LaTeX Info: Redefining \nameref on input line 21.

(./rapport.out) (./rapport.out)
\@outlinefile=\write4
\openout4 = `rapport.out'.

<~/templates//logopopo.png, id=64, 1204.5pt x 766.865pt>
File: ~/templates//logopopo.png Graphic file (type png)
<use ~/templates//logopopo.png>
Package pdftex.def Info: ~/templates//logopopo.png  used on input line 23.
(pdftex.def)             Requested size: 113.81102pt x 72.45508pt.
<~/templates//univlille.png, id=66, 389.455pt x 130.4875pt>
File: ~/templates//univlille.png Graphic file (type png)
<use ~/templates//univlille.png>
Package pdftex.def Info: ~/templates//univlille.png  used on input line 25.
(pdftex.def)             Requested size: 170.71652pt x 57.19763pt.
 [1

{/app/texlive/texmf-dist/fonts/map/pdftex/updmap/pdftex.map} </home/maxence/tem
plates//logopopo.png> </home/maxence/templates//univlille.png>]pdfTeX warning (
ext4): destination with the same identifier (name{page.1}) has been already use
d, duplicate ignored
<to be read again> 
                   \relax 
l.62 	\newpage
               [1] (./rapport.toc
LaTeX Font Info:    External font `cmex10' loaded for size
(Font)              <12> on input line 13.
LaTeX Font Info:    External font `cmex10' loaded for size
(Font)              <8> on input line 13.
LaTeX Font Info:    External font `cmex10' loaded for size
(Font)              <6> on input line 13.
)
\tf@toc=\write5
\openout5 = `rapport.toc'.

 [2] [3]
Underfull \hbox (badness 10000) in paragraph at lines 80--81

 []

<../images//bete_corne_segway.png, id=109, 513.92pt x 471.7625pt>
File: ../images//bete_corne_segway.png Graphic file (type png)
<use ../images//bete_corne_segway.png>
Package pdftex.def Info: ../images//bete_corne_segway.png  used on input line 8
5.
(pdftex.def)             Requested size: 199.16928pt x 182.83487pt.
<../images//bete_corne_mini.png, id=110, 513.92pt x 488.82625pt>
File: ../images//bete_corne_mini.png Graphic file (type png)
<use ../images//bete_corne_mini.png>
Package pdftex.def Info: ../images//bete_corne_mini.png  used on input line 87.

(pdftex.def)             Requested size: 199.16928pt x 189.44804pt.

Overfull \hbox (13.56073pt too wide) in paragraph at lines 85--92
[][]  []
 []

<../images//pieuvre.png, id=111, 513.92pt x 379.4175pt>
File: ../images//pieuvre.png Graphic file (type png)
<use ../images//pieuvre.png>
Package pdftex.def Info: ../images//pieuvre.png  used on input line 103.
(pdftex.def)             Requested size: 284.52756pt x 210.06393pt.

LaTeX Warning: `h' float specifier changed to `ht'.

<../images//shema_fonctionnel.png, id=112, 513.92pt x 497.86pt>
File: ../images//shema_fonctionnel.png Graphic file (type png)
<use ../images//shema_fonctionnel.png>
Package pdftex.def Info: ../images//shema_fonctionnel.png  used on input line 1
24.
(pdftex.def)             Requested size: 398.33858pt x 385.89828pt.

Overfull \hbox (8.33858pt too wide) in paragraph at lines 124--125
 [][] 
 []


LaTeX Warning: `h' float specifier changed to `ht'.

[4 <../images//bete_corne_segway.png> <../images//bete_corne_mini.png>]
[5 <../images//pieuvre.png>] [6 <../images//shema_fonctionnel.png>]
Underfull \hbox (badness 10000) in paragraph at lines 132--133

 []


Underfull \hbox (badness 10000) in paragraph at lines 135--136
[][][]$\OT1/cmtt/m/n/12 https : / / www . journaldugeek . com / 2020 / 06 / 24 
/
 []

[7

]
<../images//gant1.png, id=138, 513.92pt x 111.41624pt>
File: ../images//gant1.png Graphic file (type png)
<use ../images//gant1.png>
Package pdftex.def Info: ../images//gant1.png  used on input line 147.
(pdftex.def)             Requested size: 398.33858pt x 86.36029pt.

Overfull \hbox (8.33858pt too wide) in paragraph at lines 147--148
 [][] 
 []

<../images//gant2.png, id=139, 513.92pt x 112.42pt>
File: ../images//gant2.png Graphic file (type png)
<use ../images//gant2.png>
Package pdftex.def Info: ../images//gant2.png  used on input line 155.
(pdftex.def)             Requested size: 398.33858pt x 87.13832pt.

Overfull \hbox (8.33858pt too wide) in paragraph at lines 155--156
 [][] 
 []

[8 <../images//gant1.png> <../images//gant2.png>] [9]
<../images//shema_bloc_1.png, id=150, 513.92pt x 199.74625pt>
File: ../images//shema_bloc_1.png Graphic file (type png)
<use ../images//shema_bloc_1.png>
Package pdftex.def Info: ../images//shema_bloc_1.png  used on input line 187.
(pdftex.def)             Requested size: 369.88582pt x 143.76537pt.

Underfull \hbox (badness 10000) in paragraph at lines 199--204

 []

<../images//tab1.png, id=151, 513.92pt x 159.59625pt>
File: ../images//tab1.png Graphic file (type png)
<use ../images//tab1.png>
Package pdftex.def Info: ../images//tab1.png  used on input line 214.
(pdftex.def)             Requested size: 390.0pt x 121.11418pt.
<../images//tab2.png, id=152, 513.92pt x 483.8075pt>
File: ../images//tab2.png Graphic file (type png)
<use ../images//tab2.png>
Package pdftex.def Info: ../images//tab2.png  used on input line 215.
(pdftex.def)             Requested size: 390.0pt x 367.15123pt.
[10 <../images//shema_bloc_1.png>] [11 <../images//tab1.png> <../images//tab2.p
ng>]
<../images//cp1.png, id=169, 513.92pt x 120.45pt>
File: ../images//cp1.png Graphic file (type png)
<use ../images//cp1.png>
Package pdftex.def Info: ../images//cp1.png  used on input line 227.
(pdftex.def)             Requested size: 227.62204pt x 53.3492pt.
<../images//cp2.png, id=170, 513.92pt x 245.91875pt>
File: ../images//cp2.png Graphic file (type png)
<use ../images//cp2.png>
Package pdftex.def Info: ../images//cp2.png  used on input line 228.
(pdftex.def)             Requested size: 390.0pt x 186.6225pt.
<../images//cp3.png, id=171, 513.92pt x 157.58875pt>
File: ../images//cp3.png Graphic file (type png)
<use ../images//cp3.png>
Package pdftex.def Info: ../images//cp3.png  used on input line 229.
(pdftex.def)             Requested size: 390.0pt x 119.59073pt.
<../images//cp4.png, id=172, 513.92pt x 275.0275pt>
File: ../images//cp4.png Graphic file (type png)
<use ../images//cp4.png>
Package pdftex.def Info: ../images//cp4.png  used on input line 230.
(pdftex.def)             Requested size: 390.0pt x 208.71252pt.

Underfull \hbox (badness 10000) in paragraph at lines 227--231
[][]
 []

[12 <../images//cp1.png> <../images//cp2.png> <../images//cp3.png> <../images//
cp4.png>]
<../images//cp5.png, id=178, 513.92pt x 218.8175pt>
File: ../images//cp5.png Graphic file (type png)
<use ../images//cp5.png>
Package pdftex.def Info: ../images//cp5.png  used on input line 236.
(pdftex.def)             Requested size: 455.24408pt x 193.83878pt.

Overfull \hbox (82.8689pt too wide) in paragraph at lines 236--237
[][] 
 []

<../images//shema_bloc_2.png, id=179, 513.92pt x 195.73125pt>
File: ../images//shema_bloc_2.png Graphic file (type png)
<use ../images//shema_bloc_2.png>
Package pdftex.def Info: ../images//shema_bloc_2.png  used on input line 244.
(pdftex.def)             Requested size: 390.0pt x 148.53627pt.
<../images//matlab1.png, id=180, 513.92pt x 233.87375pt>
File: ../images//matlab1.png Graphic file (type png)
<use ../images//matlab1.png>
Package pdftex.def Info: ../images//matlab1.png  used on input line 253.
(pdftex.def)             Requested size: 390.0pt x 177.4818pt.

LaTeX Warning: `h' float specifier changed to `ht'.

<../images//matlab2.png, id=181, 513.92pt x 231.86626pt>
File: ../images//matlab2.png Graphic file (type png)
<use ../images//matlab2.png>
Package pdftex.def Info: ../images//matlab2.png  used on input line 262.
(pdftex.def)             Requested size: 390.0pt x 175.95836pt.

LaTeX Warning: `h' float specifier changed to `ht'.

File: ../images//matlab2.png Graphic file (type png)
<use ../images//matlab2.png>
Package pdftex.def Info: ../images//matlab2.png  used on input line 271.
(pdftex.def)             Requested size: 390.0pt x 175.95836pt.
[13 <../images//cp5.png> <../images//shema_bloc_2.png>] [14 <../images//matlab1
.png> <../images//matlab2.png>] [15] [16

]
<../images//CAD_chasis.png, id=203, 1167.36125pt x 931.48pt>
File: ../images//CAD_chasis.png Graphic file (type png)
<use ../images//CAD_chasis.png>
Package pdftex.def Info: ../images//CAD_chasis.png  used on input line 304.
(pdftex.def)             Requested size: 341.43306pt x 272.43903pt.
 [17 <../images//CAD_chasis.png>]
[18]
Underfull \hbox (badness 10000) in paragraph at lines 336--337

 []


Underfull \hbox (badness 10000) in paragraph at lines 338--340

 []


Underfull \hbox (badness 10000) in paragraph at lines 352--353

 []

[19] (./rapport.aux)
Package rerunfilecheck Info: File `rapport.out' has not changed.
(rerunfilecheck)             Checksum: FE9A699C4D14521A7FB1D635F9CBEEA6;2199.
 ) 
Here is how much of TeX's memory you used:
 9585 strings out of 478994
 141628 string characters out of 5859688
 441888 words of memory out of 5000000
 26878 multiletter control sequences out of 15000+600000
 408190 words of font info for 43 fonts, out of 8000000 for 9000
 1141 hyphenation exceptions out of 8191
 71i,11n,74p,907b,348s stack positions out of 5000i,500n,10000p,200000b,80000s
{/app/texlive/texmf-dist/fonts/enc/dvips/cm-super/cm-super-ts1.enc}</app/texl
ive/texmf-dist/fonts/type1/public/amsfonts/cm/cmbx12.pfb></app/texlive/texmf-di
st/fonts/type1/public/amsfonts/cm/cmmi12.pfb></app/texlive/texmf-dist/fonts/typ
e1/public/amsfonts/cm/cmmi8.pfb></app/texlive/texmf-dist/fonts/type1/public/ams
fonts/cm/cmr12.pfb></app/texlive/texmf-dist/fonts/type1/public/amsfonts/cm/cmr6
.pfb></app/texlive/texmf-dist/fonts/type1/public/amsfonts/cm/cmr8.pfb></app/tex
live/texmf-dist/fonts/type1/public/amsfonts/cm/cmsy10.pfb></app/texlive/texmf-d
ist/fonts/type1/public/amsfonts/cm/cmtt12.pfb></app/texlive/texmf-dist/fonts/ty
pe1/public/cm-super/sfrm1200.pfb>
Output written on rapport.pdf (20 pages, 982700 bytes).
PDF statistics:
 270 PDF objects out of 1000 (max. 8388607)
 213 compressed objects within 3 object streams
 55 named destinations out of 1000 (max. 500000)
 221 words of extra memory for PDF output out of 10000 (max. 10000000)

